# JRE version: Java(TM) SE Runtime Environment (8.0_291-b10) (build 1.8.0_291-b10)
# Java VM: Java HotSpot(TM) Client VM (25.291-b10 mixed mode windows-x86 )
Heap:
 def new generation   total 20608K, used 299K [0x03c00000, 0x05250000, 0x09150000)
  eden space 18368K,   1% used [0x03c00000, 0x03c4ad68, 0x04df0000)
  from space 2240K,   0% used [0x04df0000, 0x04df0000, 0x05020000)
  to   space 2240K,   0% used [0x05020000, 0x05020000, 0x05250000)
 tenured generation   total 45664K, used 11835K [0x09150000, 0x0bde8000, 0x13c00000)
   the space 45664K,  25% used [0x09150000, 0x09cdec08, 0x09cdee00, 0x0bde8000)
 Metaspace       used 11778K, capacity 11952K, committed 12160K, reserved 13696K
GC Heap History (10 events):
Event: 15.755 GC heap before
{Heap before GC invocations=39 (full 4):
 def new generation   total 20928K, used 18861K [0x03c00000, 0x052b0000, 0x09150000)
  eden space 18624K, 100% used [0x03c00000, 0x04e30000, 0x04e30000)
  from space 2304K,  10% used [0x04e30000, 0x04e6b7f8, 0x05070000)
  to   space 2304K,   0% used [0x05070000, 0x05070000, 0x052b0000)
 tenured generation   total 46352K, used 39330K [0x09150000, 0x0be94000, 0x13c00000)
   the space 46352K,  84% used [0x09150000, 0x0b7b88e8, 0x0b7b8a00, 0x0be94000)
 Metaspace       used 10308K, capacity 10478K, committed 10624K, reserved 10624K
Event: 15.765 GC heap after
Heap after GC invocations=40 (full 4):
 def new generation   total 20928K, used 1233K [0x03c00000, 0x052b0000, 0x09150000)
  eden space 18624K,   0% used [0x03c00000, 0x03c00000, 0x04e30000)
  from space 2304K,  53% used [0x05070000, 0x051a4448, 0x052b0000)
  to   space 2304K,   0% used [0x04e30000, 0x04e30000, 0x05070000)
 tenured generation   total 46352K, used 39330K [0x09150000, 0x0be94000, 0x13c00000)
   the space 46352K,  84% used [0x09150000, 0x0b7b88e8, 0x0b7b8a00, 0x0be94000)
 Metaspace       used 10308K, capacity 10478K, committed 10624K, reserved 10624K
}
Event: 18.982 GC heap before
{Heap before GC invocations=40 (full 4):
 def new generation   total 20928K, used 19857K [0x03c00000, 0x052b0000, 0x09150000)
  eden space 18624K, 100% used [0x03c00000, 0x04e30000, 0x04e30000)
  from space 2304K,  53% used [0x05070000, 0x051a4448, 0x052b0000)
  to   space 2304K,   0% used [0x04e30000, 0x04e30000, 0x05070000)
 tenured generation   total 46352K, used 39330K [0x09150000, 0x0be94000, 0x13c00000)
   the space 46352K,  84% used [0x09150000, 0x0b7b88e8, 0x0b7b8a00, 0x0be94000)
 Metaspace       used 10616K, capacity 10771K, committed 10880K, reserved 11648K
Event: 18.997 GC heap after
Heap after GC invocations=41 (full 4):
 def new generation   total 20928K, used 2304K [0x03c00000, 0x052b0000, 0x09150000)
  eden space 18624K,   0% used [0x03c00000, 0x03c00000, 0x04e30000)
  from space 2304K, 100% used [0x04e30000, 0x05070000, 0x05070000)
  to   space 2304K,   0% used [0x05070000, 0x05070000, 0x052b0000)
 tenured generation   total 46352K, used 39450K [0x09150000, 0x0be94000, 0x13c00000)
   the space 46352K,  85% used [0x09150000, 0x0b7d6828, 0x0b7d6a00, 0x0be94000)
 Metaspace       used 10616K, capacity 10771K, committed 10880K, reserved 11648K
}
Event: 21.302 GC heap before
{Heap before GC invocations=41 (full 4):
 def new generation   total 20928K, used 20928K [0x03c00000, 0x052b0000, 0x09150000)
  eden space 18624K, 100% used [0x03c00000, 0x04e30000, 0x04e30000)
  from space 2304K, 100% used [0x04e30000, 0x05070000, 0x05070000)
  to   space 2304K,   0% used [0x05070000, 0x05070000, 0x052b0000)
 tenured generation   total 46352K, used 39450K [0x09150000, 0x0be94000, 0x13c00000)
   the space 46352K,  85% used [0x09150000, 0x0b7d6828, 0x0b7d6a00, 0x0be94000)
 Metaspace       used 11235K, capacity 11421K, committed 11520K, reserved 11648K
Event: 21.318 GC heap after
Heap after GC invocations=42 (full 4):
 def new generation   total 20928K, used 2021K [0x03c00000, 0x052b0000, 0x09150000)
  eden space 18624K,   0% used [0x03c00000, 0x03c00000, 0x04e30000)
  from space 2304K,  87% used [0x05070000, 0x05269620, 0x052b0000)
  to   space 2304K,   0% used [0x04e30000, 0x04e30000, 0x05070000)
 tenured generation   total 46352K, used 41059K [0x09150000, 0x0be94000, 0x13c00000)
   the space 46352K,  88% used [0x09150000, 0x0b968f10, 0x0b969000, 0x0be94000)
 Metaspace       used 11235K, capacity 11421K, committed 11520K, reserved 11648K
}
Event: 41.980 GC heap before
{Heap before GC invocations=42 (full 4):
 def new generation   total 20928K, used 19858K [0x03c00000, 0x052b0000, 0x09150000)
  eden space 18624K,  95% used [0x03c00000, 0x04d6b428, 0x04e30000)
  from space 2304K,  87% used [0x05070000, 0x05269620, 0x052b0000)
  to   space 2304K,   0% used [0x04e30000, 0x04e30000, 0x05070000)
 tenured generation   total 46352K, used 41059K [0x09150000, 0x0be94000, 0x13c00000)
   the space 46352K,  88% used [0x09150000, 0x0b968f10, 0x0b969000, 0x0be94000)
 Metaspace       used 11801K, capacity 11965K, committed 12032K, reserved 13696K
Event: 42.058 GC heap after
Heap after GC invocations=43 (full 5):
 def new generation   total 20928K, used 0K [0x03c00000, 0x052b0000, 0x09150000)
  eden space 18624K,   0% used [0x03c00000, 0x03c00000, 0x04e30000)
  from space 2304K,   0% used [0x05070000, 0x05070000, 0x052b0000)
  to   space 2304K,   0% used [0x04e30000, 0x04e30000, 0x05070000)
 tenured generation   total 46352K, used 11835K [0x09150000, 0x0be94000, 0x13c00000)
   the space 46352K,  25% used [0x09150000, 0x09cdec08, 0x09cdee00, 0x0be94000)
 Metaspace       used 11801K, capacity 11965K, committed 12032K, reserved 13696K
}
Event: 42.058 GC heap before
{Heap before GC invocations=43 (full 5):
 def new generation   total 20928K, used 0K [0x03c00000, 0x052b0000, 0x09150000)
  eden space 18624K,   0% used [0x03c00000, 0x03c00000, 0x04e30000)
  from space 2304K,   0% used [0x05070000, 0x05070000, 0x052b0000)
  to   space 2304K,   0% used [0x04e30000, 0x04e30000, 0x05070000)
 tenured generation   total 46352K, used 11835K [0x09150000, 0x0be94000, 0x13c00000)
   the space 46352K,  25% used [0x09150000, 0x09cdec08, 0x09cdee00, 0x0be94000)
 Metaspace       used 11801K, capacity 11965K, committed 12032K, reserved 15744K
Event: 42.133 GC heap after
Heap after GC invocations=44 (full 6):
 def new generation   total 20608K, used 0K [0x03c00000, 0x05250000, 0x09150000)
  eden space 18368K,   0% used [0x03c00000, 0x03c00000, 0x04df0000)
  from space 2240K,   0% used [0x04df0000, 0x04df0000, 0x05020000)
  to   space 2240K,   0% used [0x05020000, 0x05020000, 0x05250000)
 tenured generation   total 45664K, used 11835K [0x09150000, 0x0bde8000, 0x13c00000)
   the space 45664K,  25% used [0x09150000, 0x09cdec08, 0x09cdee00, 0x0bde8000)
 Metaspace       used 11777K, capacity 11920K, committed 12032K, reserved 13696K
}

