# JRE version: Java(TM) SE Runtime Environment (8.0_291-b10) (build 1.8.0_291-b10)
# Java VM: Java HotSpot(TM) Client VM (25.291-b10 mixed mode, sharing windows-x86 )
Heap:
 def new generation   total 4928K, used 4753K [0x03a00000, 0x03f50000, 0x08f50000)
  eden space 4416K,  96% used [0x03a00000, 0x03e24530, 0x03e50000)
  from space 512K, 100% used [0x03ed0000, 0x03f50000, 0x03f50000)
  to   space 512K,   0% used [0x03e50000, 0x03e50000, 0x03ed0000)
 tenured generation   total 10944K, used 7673K [0x08f50000, 0x09a00000, 0x13a00000)
   the space 10944K,  70% used [0x08f50000, 0x096ce678, 0x096ce800, 0x09a00000)
 Metaspace       used 6242K, capacity 8018K, committed 8192K, reserved 8576K
GC Heap History (10 events):
Event: 3.312 GC heap before
{Heap before GC invocations=16 (full 0):
 def new generation   total 4928K, used 4928K [0x03a00000, 0x03f50000, 0x08f50000)
  eden space 4416K, 100% used [0x03a00000, 0x03e50000, 0x03e50000)
  from space 512K, 100% used [0x03e50000, 0x03ed0000, 0x03ed0000)
  to   space 512K,   0% used [0x03ed0000, 0x03ed0000, 0x03f50000)
 tenured generation   total 10944K, used 5545K [0x08f50000, 0x09a00000, 0x13a00000)
   the space 10944K,  50% used [0x08f50000, 0x094ba4c0, 0x094ba600, 0x09a00000)
 Metaspace       used 5164K, capacity 7051K, committed 7168K, reserved 7552K
Event: 3.317 GC heap after
Heap after GC invocations=17 (full 0):
 def new generation   total 4928K, used 481K [0x03a00000, 0x03f50000, 0x08f50000)
  eden space 4416K,   0% used [0x03a00000, 0x03a00000, 0x03e50000)
  from space 512K,  94% used [0x03ed0000, 0x03f48770, 0x03f50000)
  to   space 512K,   0% used [0x03e50000, 0x03e50000, 0x03ed0000)
 tenured generation   total 10944K, used 5859K [0x08f50000, 0x09a00000, 0x13a00000)
   the space 10944K,  53% used [0x08f50000, 0x09508d40, 0x09508e00, 0x09a00000)
 Metaspace       used 5164K, capacity 7051K, committed 7168K, reserved 7552K
}
Event: 3.539 GC heap before
{Heap before GC invocations=17 (full 0):
 def new generation   total 4928K, used 4897K [0x03a00000, 0x03f50000, 0x08f50000)
  eden space 4416K, 100% used [0x03a00000, 0x03e50000, 0x03e50000)
  from space 512K,  94% used [0x03ed0000, 0x03f48770, 0x03f50000)
  to   space 512K,   0% used [0x03e50000, 0x03e50000, 0x03ed0000)
 tenured generation   total 10944K, used 5859K [0x08f50000, 0x09a00000, 0x13a00000)
   the space 10944K,  53% used [0x08f50000, 0x09508d40, 0x09508e00, 0x09a00000)
 Metaspace       used 5399K, capacity 7234K, committed 7296K, reserved 7552K
Event: 3.543 GC heap after
Heap after GC invocations=18 (full 0):
 def new generation   total 4928K, used 495K [0x03a00000, 0x03f50000, 0x08f50000)
  eden space 4416K,   0% used [0x03a00000, 0x03a00000, 0x03e50000)
  from space 512K,  96% used [0x03e50000, 0x03ecbd70, 0x03ed0000)
  to   space 512K,   0% used [0x03ed0000, 0x03ed0000, 0x03f50000)
 tenured generation   total 10944K, used 6003K [0x08f50000, 0x09a00000, 0x13a00000)
   the space 10944K,  54% used [0x08f50000, 0x0952ce50, 0x0952d000, 0x09a00000)
 Metaspace       used 5399K, capacity 7234K, committed 7296K, reserved 7552K
}
Event: 3.754 GC heap before
{Heap before GC invocations=18 (full 0):
 def new generation   total 4928K, used 4911K [0x03a00000, 0x03f50000, 0x08f50000)
  eden space 4416K, 100% used [0x03a00000, 0x03e50000, 0x03e50000)
  from space 512K,  96% used [0x03e50000, 0x03ecbd70, 0x03ed0000)
  to   space 512K,   0% used [0x03ed0000, 0x03ed0000, 0x03f50000)
 tenured generation   total 10944K, used 6003K [0x08f50000, 0x09a00000, 0x13a00000)
   the space 10944K,  54% used [0x08f50000, 0x0952ce50, 0x0952d000, 0x09a00000)
 Metaspace       used 5869K, capacity 7688K, committed 7808K, reserved 8576K
Event: 3.760 GC heap after
Heap after GC invocations=19 (full 0):
 def new generation   total 4928K, used 512K [0x03a00000, 0x03f50000, 0x08f50000)
  eden space 4416K,   0% used [0x03a00000, 0x03a00000, 0x03e50000)
  from space 512K, 100% used [0x03ed0000, 0x03f50000, 0x03f50000)
  to   space 512K,   0% used [0x03e50000, 0x03e50000, 0x03ed0000)
 tenured generation   total 10944K, used 6342K [0x08f50000, 0x09a00000, 0x13a00000)
   the space 10944K,  57% used [0x08f50000, 0x09581b10, 0x09581c00, 0x09a00000)
 Metaspace       used 5869K, capacity 7688K, committed 7808K, reserved 8576K
}
Event: 3.991 GC heap before
{Heap before GC invocations=19 (full 0):
 def new generation   total 4928K, used 4928K [0x03a00000, 0x03f50000, 0x08f50000)
  eden space 4416K, 100% used [0x03a00000, 0x03e50000, 0x03e50000)
  from space 512K, 100% used [0x03ed0000, 0x03f50000, 0x03f50000)
  to   space 512K,   0% used [0x03e50000, 0x03e50000, 0x03ed0000)
 tenured generation   total 10944K, used 6342K [0x08f50000, 0x09a00000, 0x13a00000)
   the space 10944K,  57% used [0x08f50000, 0x09581b10, 0x09581c00, 0x09a00000)
 Metaspace       used 6208K, capacity 7976K, committed 8064K, reserved 8576K
Event: 3.997 GC heap after
Heap after GC invocations=20 (full 0):
 def new generation   total 4928K, used 512K [0x03a00000, 0x03f50000, 0x08f50000)
  eden space 4416K,   0% used [0x03a00000, 0x03a00000, 0x03e50000)
  from space 512K, 100% used [0x03e50000, 0x03ed0000, 0x03ed0000)
  to   space 512K,   0% used [0x03ed0000, 0x03ed0000, 0x03f50000)
 tenured generation   total 10944K, used 6994K [0x08f50000, 0x09a00000, 0x13a00000)
   the space 10944K,  63% used [0x08f50000, 0x096249e0, 0x09624a00, 0x09a00000)
 Metaspace       used 6208K, capacity 7976K, committed 8064K, reserved 8576K
}
Event: 4.665 GC heap before
{Heap before GC invocations=20 (full 0):
 def new generation   total 4928K, used 4928K [0x03a00000, 0x03f50000, 0x08f50000)
  eden space 4416K, 100% used [0x03a00000, 0x03e50000, 0x03e50000)
  from space 512K, 100% used [0x03e50000, 0x03ed0000, 0x03ed0000)
  to   space 512K,   0% used [0x03ed0000, 0x03ed0000, 0x03f50000)
 tenured generation   total 10944K, used 6994K [0x08f50000, 0x09a00000, 0x13a00000)
   the space 10944K,  63% used [0x08f50000, 0x096249e0, 0x09624a00, 0x09a00000)
 Metaspace       used 6239K, capacity 8013K, committed 8192K, reserved 8576K
Event: 4.679 GC heap after
Heap after GC invocations=21 (full 0):
 def new generation   total 4928K, used 512K [0x03a00000, 0x03f50000, 0x08f50000)
  eden space 4416K,   0% used [0x03a00000, 0x03a00000, 0x03e50000)
  from space 512K, 100% used [0x03ed0000, 0x03f50000, 0x03f50000)
  to   space 512K,   0% used [0x03e50000, 0x03e50000, 0x03ed0000)
 tenured generation   total 10944K, used 7673K [0x08f50000, 0x09a00000, 0x13a00000)
   the space 10944K,  70% used [0x08f50000, 0x096ce678, 0x096ce800, 0x09a00000)
 Metaspace       used 6239K, capacity 8013K, committed 8192K, reserved 8576K
}

